build/app/intermediates/manifest_merge_blame_file/release/manifest-merger-blame-release-report.txt
1<?xml version="1.0" encoding="utf-8"?>
2<manifest xmlns:android="http://schemas.android.com/apk/res/android"
3    package="com.example.abe"
4    android:versionCode="4001"
5    android:versionName="1.0.0" >
6
7    <uses-sdk
8        android:minSdkVersion="19"
8-->src\main\AndroidManifest.xml
9        android:targetSdkVersion="31" />
9-->src\main\AndroidManifest.xml
10
11    <uses-feature android:name="android.hardware.camera" />
11-->src\main\AndroidManifest.xml:3:5-60
11-->src\main\AndroidManifest.xml:3:19-57
12
13    <uses-permission android:name="android.permission.INTERNET" />
13-->src\main\AndroidManifest.xml:4:5-66
13-->src\main\AndroidManifest.xml:4:22-64
14    <uses-permission android:name="android.permission.WAKE_LOCK" />
14-->src\main\AndroidManifest.xml:5:5-67
14-->src\main\AndroidManifest.xml:5:22-65
15    <uses-permission android:name="android.permission.WRITE_EXTERNAL_STORAGE" />
15-->src\main\AndroidManifest.xml:6:5-81
15-->src\main\AndroidManifest.xml:6:22-78
16    <uses-permission
16-->src\main\AndroidManifest.xml:7:5-79
17        android:name="android.permission.READ_EXTERNAL_STORAGE"
17-->src\main\AndroidManifest.xml:7:22-77
18        android:maxSdkVersion="32" />
18-->[:photo_manager] AndroidManifest.xml:11:9-35
19    <uses-permission android:name="android.permission.CAMERA" />
19-->src\main\AndroidManifest.xml:8:5-65
19-->src\main\AndroidManifest.xml:8:22-62
20    <uses-permission android:name="android.permission.READ_CONTACTS" />
20-->src\main\AndroidManifest.xml:9:5-72
20-->src\main\AndroidManifest.xml:9:22-69
21    <uses-permission android:name="android.permission.WRITE_CONTACTS" />
21-->src\main\AndroidManifest.xml:10:5-73
21-->src\main\AndroidManifest.xml:10:22-70
22    <uses-permission android:name="android.permission.ACCESS_FINE_LOCATION" />
22-->src\main\AndroidManifest.xml:11:5-79
22-->src\main\AndroidManifest.xml:11:22-76
23    <uses-permission android:name="android.permission.MANAGE_EXTERNAL_STORAGE" />
23-->src\main\AndroidManifest.xml:12:5-82
23-->src\main\AndroidManifest.xml:12:22-79
24    <uses-permission android:name="android.permission.VIBRATE" />
24-->src\main\AndroidManifest.xml:13:5-65
24-->src\main\AndroidManifest.xml:13:22-63
25    <uses-permission android:name="android.permission.FOREGROUND_SERVICE" />
25-->[:geolocator_android] AndroidManifest.xml:9:5-77
25-->[:geolocator_android] AndroidManifest.xml:9:22-74
26
27    <queries>
27-->[:file_picker] AndroidManifest.xml:11:5-17:15
28        <intent>
28-->[:file_picker] AndroidManifest.xml:12:9-16:18
29            <action android:name="android.intent.action.GET_CONTENT" />
29-->[:file_picker] AndroidManifest.xml:13:13-72
29-->[:file_picker] AndroidManifest.xml:13:21-69
30
31            <data android:mimeType="*/*" />
31-->[:file_picker] AndroidManifest.xml:15:13-44
31-->[:file_picker] AndroidManifest.xml:15:19-41
32        </intent>
33        <intent>
33-->[:flutter_inappwebview] AndroidManifest.xml:10:9-12:18
34            <action android:name="android.support.customtabs.action.CustomTabsService" />
34-->[:flutter_inappwebview] AndroidManifest.xml:11:13-90
34-->[:flutter_inappwebview] AndroidManifest.xml:11:21-87
35        </intent>
36    </queries>
37
38    <uses-permission android:name="android.permission.ACCESS_NETWORK_STATE" />
38-->[com.google.firebase:firebase-auth:21.1.0] AndroidManifest.xml:24:5-79
38-->[com.google.firebase:firebase-auth:21.1.0] AndroidManifest.xml:24:22-76
39
40    <permission
40-->[androidx.core:core:1.9.0] AndroidManifest.xml:22:5-24:47
41        android:name="com.example.abe.DYNAMIC_RECEIVER_NOT_EXPORTED_PERMISSION"
41-->[androidx.core:core:1.9.0] AndroidManifest.xml:23:9-81
42        android:protectionLevel="signature" />
42-->[androidx.core:core:1.9.0] AndroidManifest.xml:24:9-44
43
44    <uses-permission android:name="com.example.abe.DYNAMIC_RECEIVER_NOT_EXPORTED_PERMISSION" />
44-->[androidx.core:core:1.9.0] AndroidManifest.xml:26:5-97
44-->[androidx.core:core:1.9.0] AndroidManifest.xml:26:22-94
45
46    <application
47        android:name="android.app.Application"
47-->src\main\AndroidManifest.xml:16:9-42
48        android:appComponentFactory="androidx.core.app.CoreComponentFactory"
48-->[androidx.core:core:1.9.0] AndroidManifest.xml:28:18-86
49        android:icon="@mipmap/ic_launcher"
49-->src\main\AndroidManifest.xml:17:9-43
50        android:label="abe"
50-->src\main\AndroidManifest.xml:15:9-28
51        android:usesCleartextTraffic="true" >
51-->src\main\AndroidManifest.xml:18:8-43
52        <activity
52-->src\main\AndroidManifest.xml:21:9-41:20
53            android:name="com.example.abe.MainActivity"
53-->src\main\AndroidManifest.xml:22:13-41
54            android:configChanges="orientation|keyboardHidden|keyboard|screenSize|smallestScreenSize|locale|layoutDirection|fontScale|screenLayout|density|uiMode"
54-->src\main\AndroidManifest.xml:26:13-163
55            android:exported="true"
55-->src\main\AndroidManifest.xml:23:13-36
56            android:hardwareAccelerated="true"
56-->src\main\AndroidManifest.xml:27:13-47
57            android:launchMode="singleTop"
57-->src\main\AndroidManifest.xml:24:13-43
58            android:theme="@style/LaunchTheme"
58-->src\main\AndroidManifest.xml:25:13-47
59            android:windowSoftInputMode="adjustResize" >
59-->src\main\AndroidManifest.xml:28:13-55
60
61            <!--
62                 Specifies an Android theme to apply to this Activity as soon as
63                 the Android process has started. This theme is visible to the user
64                 while the Flutter UI initializes. After that, this theme continues
65                 to determine the Window background behind the Flutter UI.
66            -->
67            <meta-data
67-->src\main\AndroidManifest.xml:33:13-36:17
68                android:name="io.flutter.embedding.android.NormalTheme"
68-->src\main\AndroidManifest.xml:34:15-70
69                android:resource="@style/NormalTheme" />
69-->src\main\AndroidManifest.xml:35:15-52
70
71            <intent-filter>
71-->src\main\AndroidManifest.xml:37:13-40:29
72                <action android:name="android.intent.action.MAIN" />
72-->src\main\AndroidManifest.xml:38:17-68
72-->src\main\AndroidManifest.xml:38:25-66
73
74                <category android:name="android.intent.category.LAUNCHER" />
74-->src\main\AndroidManifest.xml:39:17-76
74-->src\main\AndroidManifest.xml:39:27-74
75            </intent-filter>
76        </activity>
77        <!--
78             Don't delete the meta-data below.
79             This is used by the Flutter tool to generate GeneratedPluginRegistrant.java
80        -->
81        <meta-data
81-->src\main\AndroidManifest.xml:44:9-46:33
82            android:name="flutterEmbedding"
82-->src\main\AndroidManifest.xml:45:13-44
83            android:value="2" />
83-->src\main\AndroidManifest.xml:46:13-30
84
85        <service
85-->[:cloud_firestore] AndroidManifest.xml:10:9-14:19
86            android:name="com.google.firebase.components.ComponentDiscoveryService"
86-->[:cloud_firestore] AndroidManifest.xml:10:18-89
87            android:directBootAware="true"
87-->[com.google.firebase:firebase-common:20.2.0] AndroidManifest.xml:34:13-43
88            android:exported="false" >
88-->[com.google.firebase:firebase-auth:21.1.0] AndroidManifest.xml:66:13-37
89            <meta-data
89-->[:cloud_firestore] AndroidManifest.xml:11:13-13:85
90                android:name="com.google.firebase.components:io.flutter.plugins.firebase.firestore.FlutterFirebaseFirestoreRegistrar"
90-->[:cloud_firestore] AndroidManifest.xml:12:17-134
91                android:value="com.google.firebase.components.ComponentRegistrar" />
91-->[:cloud_firestore] AndroidManifest.xml:13:17-82
92            <meta-data
92-->[:firebase_auth] AndroidManifest.xml:11:13-13:85
93                android:name="com.google.firebase.components:io.flutter.plugins.firebase.auth.FlutterFirebaseAuthRegistrar"
93-->[:firebase_auth] AndroidManifest.xml:12:17-124
94                android:value="com.google.firebase.components.ComponentRegistrar" />
94-->[:firebase_auth] AndroidManifest.xml:13:17-82
95            <meta-data
95-->[:firebase_storage] AndroidManifest.xml:11:13-13:85
96                android:name="com.google.firebase.components:io.flutter.plugins.firebase.storage.FlutterFirebaseAppRegistrar"
96-->[:firebase_storage] AndroidManifest.xml:12:17-126
97                android:value="com.google.firebase.components.ComponentRegistrar" />
97-->[:firebase_storage] AndroidManifest.xml:13:17-82
98            <meta-data
98-->[:firebase_core] AndroidManifest.xml:11:13-13:85
99                android:name="com.google.firebase.components:io.flutter.plugins.firebase.core.FlutterFirebaseCoreRegistrar"
99-->[:firebase_core] AndroidManifest.xml:12:17-124
100                android:value="com.google.firebase.components.ComponentRegistrar" />
100-->[:firebase_core] AndroidManifest.xml:13:17-82
101            <meta-data
101-->[com.google.firebase:firebase-auth:21.1.0] AndroidManifest.xml:67:13-69:85
102                android:name="com.google.firebase.components:com.google.firebase.auth.FirebaseAuthRegistrar"
102-->[com.google.firebase:firebase-auth:21.1.0] AndroidManifest.xml:68:17-109
103                android:value="com.google.firebase.components.ComponentRegistrar" />
103-->[com.google.firebase:firebase-auth:21.1.0] AndroidManifest.xml:69:17-82
104            <meta-data
104-->[com.google.firebase:firebase-firestore:24.4.0] AndroidManifest.xml:19:13-21:85
105                android:name="com.google.firebase.components:com.google.firebase.firestore.FirestoreRegistrar"
105-->[com.google.firebase:firebase-firestore:24.4.0] AndroidManifest.xml:20:17-111
106                android:value="com.google.firebase.components.ComponentRegistrar" />
106-->[com.google.firebase:firebase-firestore:24.4.0] AndroidManifest.xml:21:17-82
107            <meta-data
107-->[com.google.firebase:firebase-storage:20.1.0] AndroidManifest.xml:32:13-34:85
108                android:name="com.google.firebase.components:com.google.firebase.storage.StorageRegistrar"
108-->[com.google.firebase:firebase-storage:20.1.0] AndroidManifest.xml:33:17-107
109                android:value="com.google.firebase.components.ComponentRegistrar" />
109-->[com.google.firebase:firebase-storage:20.1.0] AndroidManifest.xml:34:17-82
110        </service>
111        <service
111-->[:geolocator_android] AndroidManifest.xml:12:9-16:56
112            android:name="com.baseflow.geolocator.GeolocatorLocationService"
112-->[:geolocator_android] AndroidManifest.xml:13:13-77
113            android:enabled="true"
113-->[:geolocator_android] AndroidManifest.xml:14:13-35
114            android:exported="false"
114-->[:geolocator_android] AndroidManifest.xml:15:13-37
115            android:foregroundServiceType="location" />
115-->[:geolocator_android] AndroidManifest.xml:16:13-53
116
117        <provider
117-->[:image_picker_android] AndroidManifest.xml:10:9-18:20
118            android:name="io.flutter.plugins.imagepicker.ImagePickerFileProvider"
118-->[:image_picker_android] AndroidManifest.xml:11:13-82
119            android:authorities="com.example.abe.flutter.image_provider"
119-->[:image_picker_android] AndroidManifest.xml:12:13-74
120            android:exported="false"
120-->[:image_picker_android] AndroidManifest.xml:13:13-37
121            android:grantUriPermissions="true" >
121-->[:image_picker_android] AndroidManifest.xml:14:13-47
122            <meta-data
122-->[:image_picker_android] AndroidManifest.xml:15:13-17:75
123                android:name="android.support.FILE_PROVIDER_PATHS"
123-->[:image_picker_android] AndroidManifest.xml:16:17-67
124                android:resource="@xml/flutter_image_picker_file_paths" />
124-->[:image_picker_android] AndroidManifest.xml:17:17-72
125        </provider>
126
127        <activity
127-->[:flutter_inappwebview] AndroidManifest.xml:16:9-20:47
128            android:name="com.pichillilorenzo.flutter_inappwebview.in_app_browser.InAppBrowserActivity"
128-->[:flutter_inappwebview] AndroidManifest.xml:17:13-104
129            android:configChanges="orientation|keyboardHidden|keyboard|screenSize|locale|layoutDirection|fontScale|screenLayout|density"
129-->[:flutter_inappwebview] AndroidManifest.xml:18:13-137
130            android:exported="false"
130-->[:flutter_inappwebview] AndroidManifest.xml:19:13-37
131            android:theme="@style/AppTheme" />
131-->[:flutter_inappwebview] AndroidManifest.xml:20:13-44
132        <activity
132-->[:flutter_inappwebview] AndroidManifest.xml:21:9-24:55
133            android:name="com.pichillilorenzo.flutter_inappwebview.chrome_custom_tabs.ChromeCustomTabsActivity"
133-->[:flutter_inappwebview] AndroidManifest.xml:22:13-112
134            android:exported="false"
134-->[:flutter_inappwebview] AndroidManifest.xml:23:13-37
135            android:theme="@style/ThemeTransparent" />
135-->[:flutter_inappwebview] AndroidManifest.xml:24:13-52
136        <activity
136-->[:flutter_inappwebview] AndroidManifest.xml:25:9-28:55
137            android:name="com.pichillilorenzo.flutter_inappwebview.chrome_custom_tabs.TrustedWebActivity"
137-->[:flutter_inappwebview] AndroidManifest.xml:26:13-106
138            android:exported="false"
138-->[:flutter_inappwebview] AndroidManifest.xml:27:13-37
139            android:theme="@style/ThemeTransparent" />
139-->[:flutter_inappwebview] AndroidManifest.xml:28:13-52
140        <activity
140-->[:flutter_inappwebview] AndroidManifest.xml:29:9-33:55
141            android:name="com.pichillilorenzo.flutter_inappwebview.chrome_custom_tabs.ChromeCustomTabsActivitySingleInstance"
141-->[:flutter_inappwebview] AndroidManifest.xml:30:13-126
142            android:exported="false"
142-->[:flutter_inappwebview] AndroidManifest.xml:31:13-37
143            android:launchMode="singleInstance"
143-->[:flutter_inappwebview] AndroidManifest.xml:32:13-48
144            android:theme="@style/ThemeTransparent" />
144-->[:flutter_inappwebview] AndroidManifest.xml:33:13-52
145        <activity
145-->[:flutter_inappwebview] AndroidManifest.xml:34:9-38:55
146            android:name="com.pichillilorenzo.flutter_inappwebview.chrome_custom_tabs.TrustedWebActivitySingleInstance"
146-->[:flutter_inappwebview] AndroidManifest.xml:35:13-120
147            android:exported="false"
147-->[:flutter_inappwebview] AndroidManifest.xml:36:13-37
148            android:launchMode="singleInstance"
148-->[:flutter_inappwebview] AndroidManifest.xml:37:13-48
149            android:theme="@style/ThemeTransparent" />
149-->[:flutter_inappwebview] AndroidManifest.xml:38:13-52
150
151        <receiver
151-->[:flutter_inappwebview] AndroidManifest.xml:40:9-43:40
152            android:name="com.pichillilorenzo.flutter_inappwebview.chrome_custom_tabs.ActionBroadcastReceiver"
152-->[:flutter_inappwebview] AndroidManifest.xml:41:13-111
153            android:enabled="true"
153-->[:flutter_inappwebview] AndroidManifest.xml:42:13-35
154            android:exported="false" />
154-->[:flutter_inappwebview] AndroidManifest.xml:43:13-37
155
156        <meta-data
156-->[:flutter_inappwebview] AndroidManifest.xml:45:9-47:36
157            android:name="io.flutter.embedded_views_preview"
157-->[:flutter_inappwebview] AndroidManifest.xml:46:13-61
158            android:value="true" />
158-->[:flutter_inappwebview] AndroidManifest.xml:47:13-33
159        <!--
160           Declares a provider which allows us to store files to share in
161           '.../caches/share_plus' and grant the receiving action access
162        -->
163        <provider
163-->[:share_plus] AndroidManifest.xml:15:9-23:20
164            android:name="dev.fluttercommunity.plus.share.ShareFileProvider"
164-->[:share_plus] AndroidManifest.xml:16:13-77
165            android:authorities="com.example.abe.flutter.share_provider"
165-->[:share_plus] AndroidManifest.xml:17:13-74
166            android:exported="false"
166-->[:share_plus] AndroidManifest.xml:18:13-37
167            android:grantUriPermissions="true" >
167-->[:share_plus] AndroidManifest.xml:19:13-47
168            <meta-data
168-->[:image_picker_android] AndroidManifest.xml:15:13-17:75
169                android:name="android.support.FILE_PROVIDER_PATHS"
169-->[:image_picker_android] AndroidManifest.xml:16:17-67
170                android:resource="@xml/flutter_share_file_paths" />
170-->[:image_picker_android] AndroidManifest.xml:17:17-72
171        </provider>
172        <!--
173           This manifest declared broadcast receiver allows us to use an explicit
174           Intent when creating a PendingItent to be informed of the user's choice
175        -->
176        <receiver
176-->[:share_plus] AndroidManifest.xml:28:9-34:20
177            android:name="dev.fluttercommunity.plus.share.SharePlusPendingIntent"
177-->[:share_plus] AndroidManifest.xml:29:13-82
178            android:exported="true" >
178-->[:share_plus] AndroidManifest.xml:30:13-36
179            <intent-filter>
179-->[:share_plus] AndroidManifest.xml:31:13-33:29
180                <action android:name="EXTRA_CHOSEN_COMPONENT" />
180-->[:share_plus] AndroidManifest.xml:32:17-65
180-->[:share_plus] AndroidManifest.xml:32:25-62
181            </intent-filter>
182        </receiver>
183
184        <uses-library
184-->[androidx.window:window:1.0.0-beta04] AndroidManifest.xml:25:9-27:40
185            android:name="androidx.window.extensions"
185-->[androidx.window:window:1.0.0-beta04] AndroidManifest.xml:26:13-54
186            android:required="false" />
186-->[androidx.window:window:1.0.0-beta04] AndroidManifest.xml:27:13-37
187        <uses-library
187-->[androidx.window:window:1.0.0-beta04] AndroidManifest.xml:28:9-30:40
188            android:name="androidx.window.sidecar"
188-->[androidx.window:window:1.0.0-beta04] AndroidManifest.xml:29:13-51
189            android:required="false" />
189-->[androidx.window:window:1.0.0-beta04] AndroidManifest.xml:30:13-37
190
191        <activity
191-->[com.google.firebase:firebase-auth:21.1.0] AndroidManifest.xml:27:9-44:20
192            android:name="com.google.firebase.auth.internal.GenericIdpActivity"
192-->[com.google.firebase:firebase-auth:21.1.0] AndroidManifest.xml:28:13-80
193            android:excludeFromRecents="true"
193-->[com.google.firebase:firebase-auth:21.1.0] AndroidManifest.xml:29:13-46
194            android:exported="true"
194-->[com.google.firebase:firebase-auth:21.1.0] AndroidManifest.xml:30:13-36
195            android:launchMode="singleTask"
195-->[com.google.firebase:firebase-auth:21.1.0] AndroidManifest.xml:31:13-44
196            android:theme="@android:style/Theme.Translucent.NoTitleBar" >
196-->[com.google.firebase:firebase-auth:21.1.0] AndroidManifest.xml:32:13-72
197            <intent-filter>
197-->[com.google.firebase:firebase-auth:21.1.0] AndroidManifest.xml:33:13-43:29
198                <action android:name="android.intent.action.VIEW" />
198-->[com.google.firebase:firebase-auth:21.1.0] AndroidManifest.xml:34:17-69
198-->[com.google.firebase:firebase-auth:21.1.0] AndroidManifest.xml:34:25-66
199
200                <category android:name="android.intent.category.DEFAULT" />
200-->[com.google.firebase:firebase-auth:21.1.0] AndroidManifest.xml:36:17-76
200-->[com.google.firebase:firebase-auth:21.1.0] AndroidManifest.xml:36:27-73
201                <category android:name="android.intent.category.BROWSABLE" />
201-->[com.google.firebase:firebase-auth:21.1.0] AndroidManifest.xml:37:17-78
201-->[com.google.firebase:firebase-auth:21.1.0] AndroidManifest.xml:37:27-75
202
203                <data
203-->[:file_picker] AndroidManifest.xml:15:13-44
204                    android:host="firebase.auth"
205                    android:path="/"
206                    android:scheme="genericidp" />
207            </intent-filter>
208        </activity>
209        <activity
209-->[com.google.firebase:firebase-auth:21.1.0] AndroidManifest.xml:45:9-62:20
210            android:name="com.google.firebase.auth.internal.RecaptchaActivity"
210-->[com.google.firebase:firebase-auth:21.1.0] AndroidManifest.xml:46:13-79
211            android:excludeFromRecents="true"
211-->[com.google.firebase:firebase-auth:21.1.0] AndroidManifest.xml:47:13-46
212            android:exported="true"
212-->[com.google.firebase:firebase-auth:21.1.0] AndroidManifest.xml:48:13-36
213            android:launchMode="singleTask"
213-->[com.google.firebase:firebase-auth:21.1.0] AndroidManifest.xml:49:13-44
214            android:theme="@android:style/Theme.Translucent.NoTitleBar" >
214-->[com.google.firebase:firebase-auth:21.1.0] AndroidManifest.xml:50:13-72
215            <intent-filter>
215-->[com.google.firebase:firebase-auth:21.1.0] AndroidManifest.xml:51:13-61:29
216                <action android:name="android.intent.action.VIEW" />
216-->[com.google.firebase:firebase-auth:21.1.0] AndroidManifest.xml:34:17-69
216-->[com.google.firebase:firebase-auth:21.1.0] AndroidManifest.xml:34:25-66
217
218                <category android:name="android.intent.category.DEFAULT" />
218-->[com.google.firebase:firebase-auth:21.1.0] AndroidManifest.xml:36:17-76
218-->[com.google.firebase:firebase-auth:21.1.0] AndroidManifest.xml:36:27-73
219                <category android:name="android.intent.category.BROWSABLE" />
219-->[com.google.firebase:firebase-auth:21.1.0] AndroidManifest.xml:37:17-78
219-->[com.google.firebase:firebase-auth:21.1.0] AndroidManifest.xml:37:27-75
220
221                <data
221-->[:file_picker] AndroidManifest.xml:15:13-44
222                    android:host="firebase.auth"
223                    android:path="/"
224                    android:scheme="recaptcha" />
225            </intent-filter>
226        </activity>
227        <activity
227-->[com.google.android.gms:play-services-base:18.0.1] AndroidManifest.xml:20:9-22:45
228            android:name="com.google.android.gms.common.api.GoogleApiActivity"
228-->[com.google.android.gms:play-services-base:18.0.1] AndroidManifest.xml:20:19-85
229            android:exported="false"
229-->[com.google.android.gms:play-services-base:18.0.1] AndroidManifest.xml:22:19-43
230            android:theme="@android:style/Theme.Translucent.NoTitleBar" />
230-->[com.google.android.gms:play-services-base:18.0.1] AndroidManifest.xml:21:19-78
231
232        <provider
232-->[com.google.firebase:firebase-common:20.2.0] AndroidManifest.xml:25:9-30:39
233            android:name="com.google.firebase.provider.FirebaseInitProvider"
233-->[com.google.firebase:firebase-common:20.2.0] AndroidManifest.xml:26:13-77
234            android:authorities="com.example.abe.firebaseinitprovider"
234-->[com.google.firebase:firebase-common:20.2.0] AndroidManifest.xml:27:13-72
235            android:directBootAware="true"
235-->[com.google.firebase:firebase-common:20.2.0] AndroidManifest.xml:28:13-43
236            android:exported="false"
236-->[com.google.firebase:firebase-common:20.2.0] AndroidManifest.xml:29:13-37
237            android:initOrder="100" />
237-->[com.google.firebase:firebase-common:20.2.0] AndroidManifest.xml:30:13-36
238
239        <meta-data
239-->[com.google.android.gms:play-services-basement:18.1.0] AndroidManifest.xml:21:9-23:69
240            android:name="com.google.android.gms.version"
240-->[com.google.android.gms:play-services-basement:18.1.0] AndroidManifest.xml:22:13-58
241            android:value="@integer/google_play_services_version" />
241-->[com.google.android.gms:play-services-basement:18.1.0] AndroidManifest.xml:23:13-66
242
243        <provider
243-->[androidx.emoji2:emoji2:1.2.0] AndroidManifest.xml:24:9-32:20
244            android:name="androidx.startup.InitializationProvider"
244-->[androidx.emoji2:emoji2:1.2.0] AndroidManifest.xml:25:13-67
245            android:authorities="com.example.abe.androidx-startup"
245-->[androidx.emoji2:emoji2:1.2.0] AndroidManifest.xml:26:13-68
246            android:exported="false" >
246-->[androidx.emoji2:emoji2:1.2.0] AndroidManifest.xml:27:13-37
247            <meta-data
247-->[androidx.emoji2:emoji2:1.2.0] AndroidManifest.xml:29:13-31:52
248                android:name="androidx.emoji2.text.EmojiCompatInitializer"
248-->[androidx.emoji2:emoji2:1.2.0] AndroidManifest.xml:30:17-75
249                android:value="androidx.startup" />
249-->[androidx.emoji2:emoji2:1.2.0] AndroidManifest.xml:31:17-49
250            <meta-data
250-->[androidx.lifecycle:lifecycle-process:2.4.1] AndroidManifest.xml:31:13-33:52
251                android:name="androidx.lifecycle.ProcessLifecycleInitializer"
251-->[androidx.lifecycle:lifecycle-process:2.4.1] AndroidManifest.xml:32:17-78
252                android:value="androidx.startup" />
252-->[androidx.lifecycle:lifecycle-process:2.4.1] AndroidManifest.xml:33:17-49
253        </provider>
254    </application>
255
256</manifest>